[debug] [2025-04-17T13:29:00.549Z] ----------------------------------------------------------------------
[debug] [2025-04-17T13:29:00.551Z] Command:       /usr/local/bin/node /usr/local/bin/firebase deploy --only functions
[debug] [2025-04-17T13:29:00.551Z] CLI Version:   13.16.0
[debug] [2025-04-17T13:29:00.551Z] Platform:      darwin
[debug] [2025-04-17T13:29:00.551Z] Node Version:  v20.16.0
[debug] [2025-04-17T13:29:00.551Z] Time:          Thu Apr 17 2025 15:29:00 GMT+0200 (Central European Summer Time)
[debug] [2025-04-17T13:29:00.552Z] ----------------------------------------------------------------------
[debug] 
[debug] [2025-04-17T13:29:00.600Z] > command requires scopes: ["email","openid","https://www.googleapis.com/auth/cloudplatformprojects.readonly","https://www.googleapis.com/auth/firebase","https://www.googleapis.com/auth/cloud-platform"]
[debug] [2025-04-17T13:29:00.600Z] > authorizing via signed-in user (hello@macu.studio)
[debug] [2025-04-17T13:29:00.600Z] [iam] checking project freelance-project-3d0b5 for permissions ["cloudfunctions.functions.create","cloudfunctions.functions.delete","cloudfunctions.functions.get","cloudfunctions.functions.list","cloudfunctions.functions.update","cloudfunctions.operations.get","firebase.projects.get"]
[debug] [2025-04-17T13:29:00.601Z] > refreshing access token with scopes: []
[debug] [2025-04-17T13:29:00.602Z] >>> [apiv2][query] POST https://www.googleapis.com/oauth2/v3/token [none]
[debug] [2025-04-17T13:29:00.602Z] >>> [apiv2][body] POST https://www.googleapis.com/oauth2/v3/token [omitted]
[debug] [2025-04-17T13:29:00.781Z] <<< [apiv2][status] POST https://www.googleapis.com/oauth2/v3/token 200
[debug] [2025-04-17T13:29:00.781Z] <<< [apiv2][body] POST https://www.googleapis.com/oauth2/v3/token [omitted]
[debug] [2025-04-17T13:29:00.796Z] >>> [apiv2][query] POST https://cloudresourcemanager.googleapis.com/v1/projects/freelance-project-3d0b5:testIamPermissions [none]
[debug] [2025-04-17T13:29:00.796Z] >>> [apiv2][(partial)header] POST https://cloudresourcemanager.googleapis.com/v1/projects/freelance-project-3d0b5:testIamPermissions x-goog-quota-user=projects/freelance-project-3d0b5
[debug] [2025-04-17T13:29:00.796Z] >>> [apiv2][body] POST https://cloudresourcemanager.googleapis.com/v1/projects/freelance-project-3d0b5:testIamPermissions {"permissions":["cloudfunctions.functions.create","cloudfunctions.functions.delete","cloudfunctions.functions.get","cloudfunctions.functions.list","cloudfunctions.functions.update","cloudfunctions.operations.get","firebase.projects.get"]}
[debug] [2025-04-17T13:29:01.577Z] <<< [apiv2][status] POST https://cloudresourcemanager.googleapis.com/v1/projects/freelance-project-3d0b5:testIamPermissions 200
[debug] [2025-04-17T13:29:01.578Z] <<< [apiv2][body] POST https://cloudresourcemanager.googleapis.com/v1/projects/freelance-project-3d0b5:testIamPermissions {"permissions":["cloudfunctions.functions.create","cloudfunctions.functions.delete","cloudfunctions.functions.get","cloudfunctions.functions.list","cloudfunctions.functions.update","cloudfunctions.operations.get","firebase.projects.get"]}
[debug] [2025-04-17T13:29:01.578Z] >>> [apiv2][query] POST https://iam.googleapis.com/v1/projects/freelance-project-3d0b5/serviceAccounts/freelance-project-3d0b5@appspot.gserviceaccount.com:testIamPermissions [none]
[debug] [2025-04-17T13:29:01.578Z] >>> [apiv2][body] POST https://iam.googleapis.com/v1/projects/freelance-project-3d0b5/serviceAccounts/freelance-project-3d0b5@appspot.gserviceaccount.com:testIamPermissions {"permissions":["iam.serviceAccounts.actAs"]}
[debug] [2025-04-17T13:29:02.329Z] <<< [apiv2][status] POST https://iam.googleapis.com/v1/projects/freelance-project-3d0b5/serviceAccounts/freelance-project-3d0b5@appspot.gserviceaccount.com:testIamPermissions 200
[debug] [2025-04-17T13:29:02.330Z] <<< [apiv2][body] POST https://iam.googleapis.com/v1/projects/freelance-project-3d0b5/serviceAccounts/freelance-project-3d0b5@appspot.gserviceaccount.com:testIamPermissions {"permissions":["iam.serviceAccounts.actAs"]}
[info] 
[info] === Deploying to 'freelance-project-3d0b5'...
[info] 
[info] i  deploying functions 
[info] Running command: npm --prefix "$RESOURCE_DIR" run build
[info] ✔  functions: Finished running predeploy script. 
[debug] [2025-04-17T13:29:03.883Z] >>> [apiv2][query] GET https://firebase.googleapis.com/v1beta1/projects/freelance-project-3d0b5 [none]
[debug] [2025-04-17T13:29:04.214Z] <<< [apiv2][status] GET https://firebase.googleapis.com/v1beta1/projects/freelance-project-3d0b5 200
[debug] [2025-04-17T13:29:04.214Z] <<< [apiv2][body] GET https://firebase.googleapis.com/v1beta1/projects/freelance-project-3d0b5 {"projectId":"freelance-project-3d0b5","projectNumber":"778955743827","displayName":"freelance project","name":"projects/freelance-project-3d0b5","resources":{"hostingSite":"freelance-project-3d0b5","realtimeDatabaseInstance":"freelance-project-3d0b5-default-rtdb"},"state":"ACTIVE","etag":"1_787a5aac-7aaf-4ec1-819b-7e6a0c8b6bbf"}
[info] i  functions: preparing codebase default for deployment 
[info] i  functions: ensuring required API cloudfunctions.googleapis.com is enabled... 
[info] i  functions: ensuring required API cloudbuild.googleapis.com is enabled... 
[info] i  artifactregistry: ensuring required API artifactregistry.googleapis.com is enabled... 
[debug] [2025-04-17T13:29:04.215Z] >>> [apiv2][query] GET https://serviceusage.googleapis.com/v1/projects/freelance-project-3d0b5/services/cloudfunctions.googleapis.com [none]
[debug] [2025-04-17T13:29:04.215Z] >>> [apiv2][(partial)header] GET https://serviceusage.googleapis.com/v1/projects/freelance-project-3d0b5/services/cloudfunctions.googleapis.com x-goog-quota-user=projects/freelance-project-3d0b5
[debug] [2025-04-17T13:29:04.216Z] >>> [apiv2][query] GET https://serviceusage.googleapis.com/v1/projects/freelance-project-3d0b5/services/runtimeconfig.googleapis.com [none]
[debug] [2025-04-17T13:29:04.216Z] >>> [apiv2][(partial)header] GET https://serviceusage.googleapis.com/v1/projects/freelance-project-3d0b5/services/runtimeconfig.googleapis.com x-goog-quota-user=projects/freelance-project-3d0b5
[debug] [2025-04-17T13:29:04.216Z] >>> [apiv2][query] GET https://serviceusage.googleapis.com/v1/projects/freelance-project-3d0b5/services/cloudbuild.googleapis.com [none]
[debug] [2025-04-17T13:29:04.216Z] >>> [apiv2][(partial)header] GET https://serviceusage.googleapis.com/v1/projects/freelance-project-3d0b5/services/cloudbuild.googleapis.com x-goog-quota-user=projects/freelance-project-3d0b5
[debug] [2025-04-17T13:29:04.217Z] >>> [apiv2][query] GET https://serviceusage.googleapis.com/v1/projects/freelance-project-3d0b5/services/artifactregistry.googleapis.com [none]
[debug] [2025-04-17T13:29:04.217Z] >>> [apiv2][(partial)header] GET https://serviceusage.googleapis.com/v1/projects/freelance-project-3d0b5/services/artifactregistry.googleapis.com x-goog-quota-user=projects/freelance-project-3d0b5
[debug] [2025-04-17T13:29:05.102Z] <<< [apiv2][status] GET https://serviceusage.googleapis.com/v1/projects/freelance-project-3d0b5/services/artifactregistry.googleapis.com 200
[debug] [2025-04-17T13:29:05.102Z] <<< [apiv2][body] GET https://serviceusage.googleapis.com/v1/projects/freelance-project-3d0b5/services/artifactregistry.googleapis.com [omitted]
[info] ✔  artifactregistry: required API artifactregistry.googleapis.com is enabled 
[debug] [2025-04-17T13:29:05.103Z] <<< [apiv2][status] GET https://serviceusage.googleapis.com/v1/projects/freelance-project-3d0b5/services/runtimeconfig.googleapis.com 200
[debug] [2025-04-17T13:29:05.103Z] <<< [apiv2][body] GET https://serviceusage.googleapis.com/v1/projects/freelance-project-3d0b5/services/runtimeconfig.googleapis.com [omitted]
[debug] [2025-04-17T13:29:05.137Z] <<< [apiv2][status] GET https://serviceusage.googleapis.com/v1/projects/freelance-project-3d0b5/services/cloudbuild.googleapis.com 200
[debug] [2025-04-17T13:29:05.137Z] <<< [apiv2][body] GET https://serviceusage.googleapis.com/v1/projects/freelance-project-3d0b5/services/cloudbuild.googleapis.com [omitted]
[info] ✔  functions: required API cloudbuild.googleapis.com is enabled 
[debug] [2025-04-17T13:29:05.239Z] <<< [apiv2][status] GET https://serviceusage.googleapis.com/v1/projects/freelance-project-3d0b5/services/cloudfunctions.googleapis.com 200
[debug] [2025-04-17T13:29:05.239Z] <<< [apiv2][body] GET https://serviceusage.googleapis.com/v1/projects/freelance-project-3d0b5/services/cloudfunctions.googleapis.com [omitted]
[info] ✔  functions: required API cloudfunctions.googleapis.com is enabled 
[debug] [2025-04-17T13:29:05.239Z] >>> [apiv2][query] GET https://firebase.googleapis.com/v1beta1/projects/freelance-project-3d0b5/adminSdkConfig [none]
[debug] [2025-04-17T13:29:05.467Z] <<< [apiv2][status] GET https://firebase.googleapis.com/v1beta1/projects/freelance-project-3d0b5/adminSdkConfig 200
[debug] [2025-04-17T13:29:05.467Z] <<< [apiv2][body] GET https://firebase.googleapis.com/v1beta1/projects/freelance-project-3d0b5/adminSdkConfig {"projectId":"freelance-project-3d0b5","databaseURL":"https://freelance-project-3d0b5-default-rtdb.europe-west1.firebasedatabase.app","storageBucket":"freelance-project-3d0b5.firebasestorage.app"}
[debug] [2025-04-17T13:29:05.468Z] >>> [apiv2][query] GET https://runtimeconfig.googleapis.com/v1beta1/projects/freelance-project-3d0b5/configs [none]
[debug] [2025-04-17T13:29:05.782Z] <<< [apiv2][status] GET https://runtimeconfig.googleapis.com/v1beta1/projects/freelance-project-3d0b5/configs 200
[debug] [2025-04-17T13:29:05.782Z] <<< [apiv2][body] GET https://runtimeconfig.googleapis.com/v1beta1/projects/freelance-project-3d0b5/configs {"configs":[{"name":"projects/freelance-project-3d0b5/configs/gmail"},{"name":"projects/freelance-project-3d0b5/configs/mailgun"}]}
[debug] [2025-04-17T13:29:05.782Z] >>> [apiv2][query] GET https://runtimeconfig.googleapis.com/v1beta1/projects/freelance-project-3d0b5/configs/gmail/variables [none]
[debug] [2025-04-17T13:29:05.783Z] >>> [apiv2][query] GET https://runtimeconfig.googleapis.com/v1beta1/projects/freelance-project-3d0b5/configs/mailgun/variables [none]
[debug] [2025-04-17T13:29:05.990Z] <<< [apiv2][status] GET https://runtimeconfig.googleapis.com/v1beta1/projects/freelance-project-3d0b5/configs/gmail/variables 200
[debug] [2025-04-17T13:29:05.990Z] <<< [apiv2][body] GET https://runtimeconfig.googleapis.com/v1beta1/projects/freelance-project-3d0b5/configs/gmail/variables {"variables":[{"name":"projects/freelance-project-3d0b5/configs/gmail/variables/email","updateTime":"2025-04-15T14:30:26.220553580Z"},{"name":"projects/freelance-project-3d0b5/configs/gmail/variables/password","updateTime":"2025-04-17T10:01:21.820803156Z"}]}
[debug] [2025-04-17T13:29:05.991Z] >>> [apiv2][query] GET https://runtimeconfig.googleapis.com/v1beta1/projects/freelance-project-3d0b5/configs/gmail/variables/email [none]
[debug] [2025-04-17T13:29:05.991Z] >>> [apiv2][query] GET https://runtimeconfig.googleapis.com/v1beta1/projects/freelance-project-3d0b5/configs/gmail/variables/password [none]
[debug] [2025-04-17T13:29:06.030Z] <<< [apiv2][status] GET https://runtimeconfig.googleapis.com/v1beta1/projects/freelance-project-3d0b5/configs/mailgun/variables 200
[debug] [2025-04-17T13:29:06.030Z] <<< [apiv2][body] GET https://runtimeconfig.googleapis.com/v1beta1/projects/freelance-project-3d0b5/configs/mailgun/variables {"variables":[{"name":"projects/freelance-project-3d0b5/configs/mailgun/variables/api_key","updateTime":"2025-04-17T13:09:57.156455754Z"},{"name":"projects/freelance-project-3d0b5/configs/mailgun/variables/domain","updateTime":"2025-04-17T13:10:08.994544664Z"}]}
[debug] [2025-04-17T13:29:06.030Z] >>> [apiv2][query] GET https://runtimeconfig.googleapis.com/v1beta1/projects/freelance-project-3d0b5/configs/mailgun/variables/api_key [none]
[debug] [2025-04-17T13:29:06.031Z] >>> [apiv2][query] GET https://runtimeconfig.googleapis.com/v1beta1/projects/freelance-project-3d0b5/configs/mailgun/variables/domain [none]
[debug] [2025-04-17T13:29:06.213Z] <<< [apiv2][status] GET https://runtimeconfig.googleapis.com/v1beta1/projects/freelance-project-3d0b5/configs/mailgun/variables/api_key 200
[debug] [2025-04-17T13:29:06.213Z] <<< [apiv2][body] GET https://runtimeconfig.googleapis.com/v1beta1/projects/freelance-project-3d0b5/configs/mailgun/variables/api_key {"name":"projects/freelance-project-3d0b5/configs/mailgun/variables/api_key","updateTime":"2025-04-17T13:09:57.156455754Z","text":"b435842f7437f0fb2818a1a0e3e8b196-17c877d7-ff484a60"}
[debug] [2025-04-17T13:29:06.217Z] <<< [apiv2][status] GET https://runtimeconfig.googleapis.com/v1beta1/projects/freelance-project-3d0b5/configs/gmail/variables/email 200
[debug] [2025-04-17T13:29:06.217Z] <<< [apiv2][body] GET https://runtimeconfig.googleapis.com/v1beta1/projects/freelance-project-3d0b5/configs/gmail/variables/email {"name":"projects/freelance-project-3d0b5/configs/gmail/variables/email","updateTime":"2025-04-15T14:30:26.220553580Z","text":"hello@macu.studio"}
[debug] [2025-04-17T13:29:06.251Z] <<< [apiv2][status] GET https://runtimeconfig.googleapis.com/v1beta1/projects/freelance-project-3d0b5/configs/gmail/variables/password 200
[debug] [2025-04-17T13:29:06.251Z] <<< [apiv2][body] GET https://runtimeconfig.googleapis.com/v1beta1/projects/freelance-project-3d0b5/configs/gmail/variables/password {"name":"projects/freelance-project-3d0b5/configs/gmail/variables/password","updateTime":"2025-04-17T10:01:21.820803156Z","text":"REPLACE_WITH_APP_PASSWORD"}
[debug] [2025-04-17T13:29:06.289Z] <<< [apiv2][status] GET https://runtimeconfig.googleapis.com/v1beta1/projects/freelance-project-3d0b5/configs/mailgun/variables/domain 200
[debug] [2025-04-17T13:29:06.289Z] <<< [apiv2][body] GET https://runtimeconfig.googleapis.com/v1beta1/projects/freelance-project-3d0b5/configs/mailgun/variables/domain {"name":"projects/freelance-project-3d0b5/configs/mailgun/variables/domain","updateTime":"2025-04-17T13:10:08.994544664Z","text":"sandbox279fc87d02ca45039c0753c4a182130c.mailgun.org"}
[debug] [2025-04-17T13:29:06.290Z] Validating nodejs source
[warn] ⚠  functions: Runtime Node.js 18 will be deprecated on 2025-04-30 and will be decommissioned on 2025-10-31, after which you will not be able to deploy without upgrading. Consider upgrading now to avoid disruption. See https://cloud.google.com/functions/docs/runtime-support for full details on the lifecycle policy 
[warn] ⚠  functions: package.json indicates an outdated version of firebase-functions. Please upgrade using npm install --save firebase-functions@latest in your functions directory. 
[warn] ⚠  functions: Please note that there will be breaking changes when you upgrade. 
[debug] [2025-04-17T13:29:06.781Z] > [functions] package.json contents: {
  "name": "functions",
  "scripts": {
    "lint": "eslint --ext .js,.ts .",
    "build": "tsc",
    "build:watch": "tsc --watch",
    "serve": "npm run build && firebase emulators:start --only functions",
    "shell": "npm run build && firebase functions:shell",
    "start": "npm run shell",
    "deploy": "firebase deploy --only functions",
    "logs": "firebase functions:log"
  },
  "engines": {
    "node": "18"
  },
  "main": "lib/index.js",
  "dependencies": {
    "@google-cloud/storage": "^7.9.0",
    "@sendgrid/mail": "^8.1.5",
    "cors": "^2.8.5",
    "dotenv": "^16.4.5",
    "firebase-admin": "^11.8.0",
    "firebase-functions": "^4.3.1",
    "form-data": "^4.0.0",
    "node-fetch": "^2.7.0",
    "nodemailer": "^6.10.1",
    "puppeteer": "^22.6.1"
  },
  "devDependencies": {
    "@types/nodemailer": "^6.4.17",
    "@typescript-eslint/eslint-plugin": "^5.12.0",
    "@typescript-eslint/parser": "^5.12.0",
    "eslint": "^8.9.0",
    "eslint-config-google": "^0.14.0",
    "eslint-plugin-import": "^2.25.4",
    "firebase-functions-test": "^3.1.0",
    "typescript": "^4.9.0"
  },
  "private": true
}
[debug] [2025-04-17T13:29:06.781Z] Building nodejs source
[info] i  functions: Loading and analyzing source code for codebase default to determine what to deploy 
[debug] [2025-04-17T13:29:06.782Z] Could not find functions.yaml. Must use http discovery
[debug] [2025-04-17T13:29:06.785Z] Found firebase-functions binary at '/Users/arnauros/Documents/Macu/freelancenextjs/functions/node_modules/.bin/firebase-functions'
[info] Serving at port 8025

[debug] [2025-04-17T13:29:07.026Z] Got response from /__/functions.yaml {"endpoints":{"sendTestEmail":{"availableMemoryMb":null,"timeoutSeconds":null,"minInstances":null,"maxInstances":null,"ingressSettings":null,"concurrency":null,"serviceAccountEmail":null,"vpc":null,"platform":"gcfv2","labels":{},"callableTrigger":{},"entryPoint":"sendTestEmail"},"sendContractEmail":{"availableMemoryMb":null,"timeoutSeconds":null,"minInstances":null,"maxInstances":null,"ingressSettings":null,"concurrency":null,"serviceAccountEmail":null,"vpc":null,"platform":"gcfv2","labels":{},"callableTrigger":{},"entryPoint":"sendContractEmail"}},"specVersion":"v1alpha1","requiredAPIs":[],"params":[{"name":"MAILGUN_API_KEY","type":"string","default":"b435842f7437f0fb2818a1a0e3e8b196-17c877d7-ff484a60"},{"name":"MAILGUN_DOMAIN","type":"string","default":"sandbox279fc87d02ca45039c0753c4a182130c.mailgun.org"}]}
[info] i  functions: Loaded environment variables from .env. 
[info] i  functions: preparing functions directory for uploading... 
[info] i  functions: packaged /Users/arnauros/Documents/Macu/freelancenextjs/functions (113.23 KB) for uploading 
[debug] [2025-04-17T13:29:12.075Z] >>> [apiv2][query] GET https://cloudfunctions.googleapis.com/v1/projects/freelance-project-3d0b5/locations/-/functions [none]
[debug] [2025-04-17T13:29:12.946Z] <<< [apiv2][status] GET https://cloudfunctions.googleapis.com/v1/projects/freelance-project-3d0b5/locations/-/functions 200
[debug] [2025-04-17T13:29:12.946Z] <<< [apiv2][body] GET https://cloudfunctions.googleapis.com/v1/projects/freelance-project-3d0b5/locations/-/functions {}
[debug] [2025-04-17T13:29:12.947Z] >>> [apiv2][query] GET https://cloudfunctions.googleapis.com/v2/projects/freelance-project-3d0b5/locations/-/functions filter=environment%3D%22GEN_2%22
[debug] [2025-04-17T13:29:13.960Z] <<< [apiv2][status] GET https://cloudfunctions.googleapis.com/v2/projects/freelance-project-3d0b5/locations/-/functions 200
[debug] [2025-04-17T13:29:13.960Z] <<< [apiv2][body] GET https://cloudfunctions.googleapis.com/v2/projects/freelance-project-3d0b5/locations/-/functions {"functions":[{"name":"projects/freelance-project-3d0b5/locations/us-central1/functions/sendContractEmail","buildConfig":{"build":"projects/778955743827/locations/us-central1/builds/d92dbb85-59cd-4484-aa8d-72e00a58577b","runtime":"nodejs18","entryPoint":"sendContractEmail","source":{"storageSource":{"bucket":"gcf-v2-sources-778955743827-us-central1","object":"sendContractEmail/function-source.zip","generation":"1744895997552731"}},"environmentVariables":{"GOOGLE_NODE_RUN_SCRIPTS":""},"dockerRepository":"projects/freelance-project-3d0b5/locations/us-central1/repositories/gcf-artifacts","sourceProvenance":{"resolvedStorageSource":{"bucket":"gcf-v2-sources-778955743827-us-central1","object":"sendContractEmail/function-source.zip","generation":"1744895997552731"}},"dockerRegistry":"ARTIFACT_REGISTRY","serviceAccount":"projects/freelance-project-3d0b5/serviceAccounts/778955743827-compute@developer.gserviceaccount.com","automaticUpdatePolicy":{}},"serviceConfig":{"service":"projects/freelance-project-3d0b5/locations/us-central1/services/sendcontractemail","timeoutSeconds":60,"environmentVariables":{"GMAIL_EMAIL":"hello@macu.studio","GMAIL_PASSWORD":"anon rhkh wyzn zgsq","BASE_URL":"http://localhost:3000","MAILGUN_API_KEY":"b435842f7437f0fb2818a1a0e3e8b196-17c877d7-ff484a60","MAILGUN_DOMAIN":"sandbox279fc87d02ca45039c0753c4a182130c.mailgun.org","FIREBASE_CONFIG":"{\"projectId\":\"freelance-project-3d0b5\",\"databaseURL\":\"https://freelance-project-3d0b5-default-rtdb.europe-west1.firebasedatabase.app\",\"storageBucket\":\"freelance-project-3d0b5.firebasestorage.app\"}","GCLOUD_PROJECT":"freelance-project-3d0b5","EVENTARC_CLOUD_EVENT_SOURCE":"projects/freelance-project-3d0b5/locations/us-central1/services/sendContractEmail","FUNCTION_TARGET":"sendContractEmail","LOG_EXECUTION_ID":"true"},"maxInstanceCount":3,"ingressSettings":"ALLOW_ALL","uri":"https://sendcontractemail-icqvppiksa-uc.a.run.app","serviceAccountEmail":"778955743827-compute@developer.gserviceaccount.com","availableMemory":"256Mi","allTrafficOnLatestRevision":true,"revision":"sendcontractemail-00001-hof","maxInstanceRequestConcurrency":80,"availableCpu":"1"},"state":"ACTIVE","updateTime":"2025-04-17T13:21:32.569594871Z","labels":{"deployment-tool":"cli-firebase","deployment-callable":"true","firebase-functions-hash":"dfda5fc38dd89669268a202072034003b683ae43"},"environment":"GEN_2","url":"https://us-central1-freelance-project-3d0b5.cloudfunctions.net/sendContractEmail","createTime":"2025-04-17T13:19:57.862658392Z","satisfiesPzi":true},{"name":"projects/freelance-project-3d0b5/locations/us-central1/functions/sendTestEmail","buildConfig":{"build":"projects/778955743827/locations/us-central1/builds/d92dbb85-59cd-4484-aa8d-72e00a58577b","runtime":"nodejs18","entryPoint":"sendTestEmail","source":{"storageSource":{"bucket":"gcf-v2-sources-778955743827-us-central1","object":"sendTestEmail/function-source.zip","generation":"1744896084272479"}},"environmentVariables":{"GOOGLE_NODE_RUN_SCRIPTS":""},"dockerRepository":"projects/freelance-project-3d0b5/locations/us-central1/repositories/gcf-artifacts","sourceProvenance":{"resolvedStorageSource":{"bucket":"gcf-v2-sources-778955743827-us-central1","object":"sendTestEmail/function-source.zip","generation":"1744896084272479"}},"dockerRegistry":"ARTIFACT_REGISTRY","serviceAccount":"projects/freelance-project-3d0b5/serviceAccounts/778955743827-compute@developer.gserviceaccount.com","automaticUpdatePolicy":{}},"serviceConfig":{"service":"projects/freelance-project-3d0b5/locations/us-central1/services/sendtestemail","timeoutSeconds":60,"environmentVariables":{"GMAIL_EMAIL":"hello@macu.studio","GMAIL_PASSWORD":"anon rhkh wyzn zgsq","BASE_URL":"http://localhost:3000","MAILGUN_API_KEY":"b435842f7437f0fb2818a1a0e3e8b196-17c877d7-ff484a60","MAILGUN_DOMAIN":"sandbox279fc87d02ca45039c0753c4a182130c.mailgun.org","FIREBASE_CONFIG":"{\"projectId\":\"freelance-project-3d0b5\",\"databaseURL\":\"https://freelance-project-3d0b5-default-rtdb.europe-west1.firebasedatabase.app\",\"storageBucket\":\"freelance-project-3d0b5.firebasestorage.app\"}","GCLOUD_PROJECT":"freelance-project-3d0b5","EVENTARC_CLOUD_EVENT_SOURCE":"projects/freelance-project-3d0b5/locations/us-central1/services/sendTestEmail","FUNCTION_TARGET":"sendTestEmail","LOG_EXECUTION_ID":"true","FUNCTION_SIGNATURE_TYPE":"http"},"maxInstanceCount":3,"ingressSettings":"ALLOW_ALL","uri":"https://sendtestemail-icqvppiksa-uc.a.run.app","serviceAccountEmail":"778955743827-compute@developer.gserviceaccount.com","availableMemory":"256Mi","allTrafficOnLatestRevision":true,"revision":"sendtestemail-00010-gur","maxInstanceRequestConcurrency":80,"availableCpu":"1"},"state":"ACTIVE","updateTime":"2025-04-17T13:21:36.119521682Z","labels":{"firebase-functions-hash":"dfda5fc38dd89669268a202072034003b683ae43","deployment-tool":"cli-firebase","deployment-callable":"true"},"environment":"GEN_2","url":"https://us-central1-freelance-project-3d0b5.cloudfunctions.net/sendTestEmail","createTime":"2025-04-17T11:17:18.018791977Z","satisfiesPzi":true}]}
[info] i  functions: ensuring required API run.googleapis.com is enabled... 
[info] i  functions: ensuring required API eventarc.googleapis.com is enabled... 
[info] i  functions: ensuring required API pubsub.googleapis.com is enabled... 
[info] i  functions: ensuring required API storage.googleapis.com is enabled... 
[debug] [2025-04-17T13:29:13.962Z] >>> [apiv2][query] GET https://serviceusage.googleapis.com/v1/projects/freelance-project-3d0b5/services/run.googleapis.com [none]
[debug] [2025-04-17T13:29:13.962Z] >>> [apiv2][(partial)header] GET https://serviceusage.googleapis.com/v1/projects/freelance-project-3d0b5/services/run.googleapis.com x-goog-quota-user=projects/freelance-project-3d0b5
[debug] [2025-04-17T13:29:13.963Z] >>> [apiv2][query] GET https://serviceusage.googleapis.com/v1/projects/freelance-project-3d0b5/services/eventarc.googleapis.com [none]
[debug] [2025-04-17T13:29:13.963Z] >>> [apiv2][(partial)header] GET https://serviceusage.googleapis.com/v1/projects/freelance-project-3d0b5/services/eventarc.googleapis.com x-goog-quota-user=projects/freelance-project-3d0b5
[debug] [2025-04-17T13:29:13.964Z] >>> [apiv2][query] GET https://serviceusage.googleapis.com/v1/projects/freelance-project-3d0b5/services/pubsub.googleapis.com [none]
[debug] [2025-04-17T13:29:13.964Z] >>> [apiv2][(partial)header] GET https://serviceusage.googleapis.com/v1/projects/freelance-project-3d0b5/services/pubsub.googleapis.com x-goog-quota-user=projects/freelance-project-3d0b5
[debug] [2025-04-17T13:29:13.964Z] >>> [apiv2][query] GET https://serviceusage.googleapis.com/v1/projects/freelance-project-3d0b5/services/storage.googleapis.com [none]
[debug] [2025-04-17T13:29:13.965Z] >>> [apiv2][(partial)header] GET https://serviceusage.googleapis.com/v1/projects/freelance-project-3d0b5/services/storage.googleapis.com x-goog-quota-user=projects/freelance-project-3d0b5
[debug] [2025-04-17T13:29:14.791Z] <<< [apiv2][status] GET https://serviceusage.googleapis.com/v1/projects/freelance-project-3d0b5/services/run.googleapis.com 200
[debug] [2025-04-17T13:29:14.791Z] <<< [apiv2][body] GET https://serviceusage.googleapis.com/v1/projects/freelance-project-3d0b5/services/run.googleapis.com [omitted]
[info] ✔  functions: required API run.googleapis.com is enabled 
[debug] [2025-04-17T13:29:14.807Z] <<< [apiv2][status] GET https://serviceusage.googleapis.com/v1/projects/freelance-project-3d0b5/services/pubsub.googleapis.com 200
[debug] [2025-04-17T13:29:14.807Z] <<< [apiv2][body] GET https://serviceusage.googleapis.com/v1/projects/freelance-project-3d0b5/services/pubsub.googleapis.com [omitted]
[info] ✔  functions: required API pubsub.googleapis.com is enabled 
[debug] [2025-04-17T13:29:14.808Z] <<< [apiv2][status] GET https://serviceusage.googleapis.com/v1/projects/freelance-project-3d0b5/services/eventarc.googleapis.com 200
[debug] [2025-04-17T13:29:14.808Z] <<< [apiv2][body] GET https://serviceusage.googleapis.com/v1/projects/freelance-project-3d0b5/services/eventarc.googleapis.com [omitted]
[info] ✔  functions: required API eventarc.googleapis.com is enabled 
[debug] [2025-04-17T13:29:14.828Z] <<< [apiv2][status] GET https://serviceusage.googleapis.com/v1/projects/freelance-project-3d0b5/services/storage.googleapis.com 200
[debug] [2025-04-17T13:29:14.828Z] <<< [apiv2][body] GET https://serviceusage.googleapis.com/v1/projects/freelance-project-3d0b5/services/storage.googleapis.com [omitted]
[info] ✔  functions: required API storage.googleapis.com is enabled 
[info] i  functions: generating the service identity for pubsub.googleapis.com... 
[info] i  functions: generating the service identity for eventarc.googleapis.com... 
[debug] [2025-04-17T13:29:14.828Z] >>> [apiv2][query] POST https://serviceusage.googleapis.com/v1beta1/projects/778955743827/services/pubsub.googleapis.com:generateServiceIdentity [none]
[debug] [2025-04-17T13:29:14.829Z] >>> [apiv2][query] POST https://serviceusage.googleapis.com/v1beta1/projects/778955743827/services/eventarc.googleapis.com:generateServiceIdentity [none]
[debug] [2025-04-17T13:29:15.679Z] <<< [apiv2][status] POST https://serviceusage.googleapis.com/v1beta1/projects/778955743827/services/eventarc.googleapis.com:generateServiceIdentity 200
[debug] [2025-04-17T13:29:15.679Z] <<< [apiv2][body] POST https://serviceusage.googleapis.com/v1beta1/projects/778955743827/services/eventarc.googleapis.com:generateServiceIdentity {"name":"operations/finished.DONE_OPERATION","done":true,"response":{"@type":"type.googleapis.com/google.api.serviceusage.v1beta1.ServiceIdentity","email":"service-778955743827@gcp-sa-eventarc.iam.gserviceaccount.com","uniqueId":"118250133921660950348"}}
[debug] [2025-04-17T13:29:15.697Z] <<< [apiv2][status] POST https://serviceusage.googleapis.com/v1beta1/projects/778955743827/services/pubsub.googleapis.com:generateServiceIdentity 200
[debug] [2025-04-17T13:29:15.697Z] <<< [apiv2][body] POST https://serviceusage.googleapis.com/v1beta1/projects/778955743827/services/pubsub.googleapis.com:generateServiceIdentity {"name":"operations/finished.DONE_OPERATION","done":true,"response":{"@type":"type.googleapis.com/google.api.serviceusage.v1beta1.ServiceIdentity","email":"service-778955743827@gcp-sa-pubsub.iam.gserviceaccount.com","uniqueId":"112638310394076294002"}}
[debug] [2025-04-17T13:29:15.698Z] >>> [apiv2][query] GET https://firebase.googleapis.com/v1beta1/projects/freelance-project-3d0b5 [none]
[debug] [2025-04-17T13:29:15.945Z] <<< [apiv2][status] GET https://firebase.googleapis.com/v1beta1/projects/freelance-project-3d0b5 200
[debug] [2025-04-17T13:29:15.946Z] <<< [apiv2][body] GET https://firebase.googleapis.com/v1beta1/projects/freelance-project-3d0b5 {"projectId":"freelance-project-3d0b5","projectNumber":"778955743827","displayName":"freelance project","name":"projects/freelance-project-3d0b5","resources":{"hostingSite":"freelance-project-3d0b5","realtimeDatabaseInstance":"freelance-project-3d0b5-default-rtdb"},"state":"ACTIVE","etag":"1_787a5aac-7aaf-4ec1-819b-7e6a0c8b6bbf"}
[debug] [2025-04-17T13:29:15.946Z] >>> [apiv2][query] POST https://cloudfunctions.googleapis.com/v2/projects/freelance-project-3d0b5/locations/us-central1/functions:generateUploadUrl [none]
[debug] [2025-04-17T13:29:16.782Z] <<< [apiv2][status] POST https://cloudfunctions.googleapis.com/v2/projects/freelance-project-3d0b5/locations/us-central1/functions:generateUploadUrl 200
[debug] [2025-04-17T13:29:16.782Z] <<< [apiv2][body] POST https://cloudfunctions.googleapis.com/v2/projects/freelance-project-3d0b5/locations/us-central1/functions:generateUploadUrl {"uploadUrl":"https://storage.googleapis.com/gcf-v2-uploads-778955743827.us-central1.cloudfunctions.appspot.com/7a5f1a92-2688-47cf-97c6-0309dfe209d8.zip?GoogleAccessId=service-778955743827@gcf-admin-robot.iam.gserviceaccount.com&Expires=1744898356&Signature=c7gH4hX0K1AR67wIQjswYmB9OORLpfkfKRtzTq9HT%2FehDeJF2eblkusQmRTn7FQMhZQAJK4JPdOTMwUtf9jA8bUxaMtwt%2FrQHXgk67I9Tac0z4j%2FxUZG6Mh2vhvN6QNDUg4LML3%2FYpWjBeggLSwfRitOeQsWjehJfoFdXO4yWfY5IeIePJ2WDk9UHWjxc2OnEzCp5o6%2B%2BW4ylTSbnze95GuGmgrj9aRI5%2BU%2FZbyFXTMAV1Gm0KaXI5cOGubwyhoavRs5iACsQjEU0cZi%2FwgUYozbvH0hvxVFIib5yHxVaRv%2BpzcpHB%2FVLUTp%2Fj9aGm9vJbBKYn0OPKJsmc8pzS3Cjw%3D%3D","storageSource":{"bucket":"gcf-v2-uploads-778955743827.us-central1.cloudfunctions.appspot.com","object":"7a5f1a92-2688-47cf-97c6-0309dfe209d8.zip"}}
[debug] [2025-04-17T13:29:16.783Z] >>> [apiv2][query] PUT https://storage.googleapis.com/gcf-v2-uploads-778955743827.us-central1.cloudfunctions.appspot.com/7a5f1a92-2688-47cf-97c6-0309dfe209d8.zip GoogleAccessId=service-778955743827%40gcf-admin-robot.iam.gserviceaccount.com&Expires=1744898356&Signature=c7gH4hX0K1AR67wIQjswYmB9OORLpfkfKRtzTq9HT%2FehDeJF2eblkusQmRTn7FQMhZQAJK4JPdOTMwUtf9jA8bUxaMtwt%2FrQHXgk67I9Tac0z4j%2FxUZG6Mh2vhvN6QNDUg4LML3%2FYpWjBeggLSwfRitOeQsWjehJfoFdXO4yWfY5IeIePJ2WDk9UHWjxc2OnEzCp5o6%2B%2BW4ylTSbnze95GuGmgrj9aRI5%2BU%2FZbyFXTMAV1Gm0KaXI5cOGubwyhoavRs5iACsQjEU0cZi%2FwgUYozbvH0hvxVFIib5yHxVaRv%2BpzcpHB%2FVLUTp%2Fj9aGm9vJbBKYn0OPKJsmc8pzS3Cjw%3D%3D
[debug] [2025-04-17T13:29:16.783Z] >>> [apiv2][body] PUT https://storage.googleapis.com/gcf-v2-uploads-778955743827.us-central1.cloudfunctions.appspot.com/7a5f1a92-2688-47cf-97c6-0309dfe209d8.zip [stream]
[debug] [2025-04-17T13:29:17.390Z] <<< [apiv2][status] PUT https://storage.googleapis.com/gcf-v2-uploads-778955743827.us-central1.cloudfunctions.appspot.com/7a5f1a92-2688-47cf-97c6-0309dfe209d8.zip 200
[debug] [2025-04-17T13:29:17.390Z] <<< [apiv2][body] PUT https://storage.googleapis.com/gcf-v2-uploads-778955743827.us-central1.cloudfunctions.appspot.com/7a5f1a92-2688-47cf-97c6-0309dfe209d8.zip [omitted]
[info] ✔  functions: functions folder uploaded successfully 
[info] i  functions: updating Node.js 18 (2nd Gen) function sendTestEmail(us-central1)... 
[info] i  functions: updating Node.js 18 (2nd Gen) function sendContractEmail(us-central1)... 
[debug] [2025-04-17T13:29:17.393Z] >>> [apiv2][query] PATCH https://cloudfunctions.googleapis.com/v2/projects/freelance-project-3d0b5/locations/us-central1/functions/sendTestEmail updateMask=name%2CbuildConfig.runtime%2CbuildConfig.entryPoint%2CbuildConfig.source.storageSource.bucket%2CbuildConfig.source.storageSource.object%2CbuildConfig.environmentVariables%2CbuildConfig.sourceToken%2CserviceConfig.environmentVariables%2CserviceConfig.ingressSettings%2CserviceConfig.timeoutSeconds%2CserviceConfig.serviceAccountEmail%2CserviceConfig.availableMemory%2CserviceConfig.minInstanceCount%2CserviceConfig.maxInstanceCount%2CserviceConfig.maxInstanceRequestConcurrency%2CserviceConfig.availableCpu%2CserviceConfig.vpcConnector%2CserviceConfig.vpcConnectorEgressSettings%2Clabels%2CbuildConfig.buildEnvironmentVariables
[debug] [2025-04-17T13:29:17.393Z] >>> [apiv2][body] PATCH https://cloudfunctions.googleapis.com/v2/projects/freelance-project-3d0b5/locations/us-central1/functions/sendTestEmail {"name":"projects/freelance-project-3d0b5/locations/us-central1/functions/sendTestEmail","buildConfig":{"runtime":"nodejs18","entryPoint":"sendTestEmail","source":{"storageSource":{"bucket":"gcf-v2-uploads-778955743827.us-central1.cloudfunctions.appspot.com","object":"7a5f1a92-2688-47cf-97c6-0309dfe209d8.zip"}},"environmentVariables":{"GOOGLE_NODE_RUN_SCRIPTS":""}},"serviceConfig":{"environmentVariables":{"GMAIL_EMAIL":"hello@macu.studio","GMAIL_PASSWORD":"anon rhkh wyzn zgsq","BASE_URL":"http://localhost:3000","MAILGUN_API_KEY":"b435842f7437f0fb2818a1a0e3e8b196-17c877d7-ff484a60","MAILGUN_DOMAIN":"sandbox279fc87d02ca45039c0753c4a182130c.mailgun.org","FIREBASE_CONFIG":"{\"projectId\":\"freelance-project-3d0b5\",\"databaseURL\":\"https://freelance-project-3d0b5-default-rtdb.europe-west1.firebasedatabase.app\",\"storageBucket\":\"freelance-project-3d0b5.firebasestorage.app\"}","GCLOUD_PROJECT":"freelance-project-3d0b5","EVENTARC_CLOUD_EVENT_SOURCE":"projects/freelance-project-3d0b5/locations/us-central1/services/sendTestEmail","FUNCTION_TARGET":"sendTestEmail"},"ingressSettings":null,"timeoutSeconds":null,"serviceAccountEmail":null,"availableMemory":"256Mi","minInstanceCount":null,"maxInstanceCount":null,"maxInstanceRequestConcurrency":80,"availableCpu":"1","vpcConnector":null,"vpcConnectorEgressSettings":null},"labels":{"deployment-tool":"cli-firebase","deployment-callable":"true","firebase-functions-hash":"f397785aa96c9e02a7ce9515bc0b7f9de823bfb8"}}
[debug] [2025-04-17T13:29:18.982Z] <<< [apiv2][status] PATCH https://cloudfunctions.googleapis.com/v2/projects/freelance-project-3d0b5/locations/us-central1/functions/sendTestEmail 200
[debug] [2025-04-17T13:29:18.982Z] <<< [apiv2][body] PATCH https://cloudfunctions.googleapis.com/v2/projects/freelance-project-3d0b5/locations/us-central1/functions/sendTestEmail {"name":"projects/freelance-project-3d0b5/locations/us-central1/operations/operation-1744896558091-632f96383ce8a-c657c371-9aa0408d","metadata":{"@type":"type.googleapis.com/google.cloud.functions.v2.OperationMetadata","createTime":"2025-04-17T13:29:18.870045590Z","target":"projects/freelance-project-3d0b5/locations/us-central1/functions/sendTestEmail","verb":"update","cancelRequested":false,"apiVersion":"v2"},"done":false}
[debug] [2025-04-17T13:29:18.982Z] >>> [apiv2][query] GET https://cloudfunctions.googleapis.com/v2/projects/freelance-project-3d0b5/locations/us-central1/operations/operation-1744896558091-632f96383ce8a-c657c371-9aa0408d [none]
[debug] [2025-04-17T13:29:19.721Z] <<< [apiv2][status] GET https://cloudfunctions.googleapis.com/v2/projects/freelance-project-3d0b5/locations/us-central1/operations/operation-1744896558091-632f96383ce8a-c657c371-9aa0408d 200
[debug] [2025-04-17T13:29:19.721Z] <<< [apiv2][body] GET https://cloudfunctions.googleapis.com/v2/projects/freelance-project-3d0b5/locations/us-central1/operations/operation-1744896558091-632f96383ce8a-c657c371-9aa0408d {"name":"projects/freelance-project-3d0b5/locations/us-central1/operations/operation-1744896558091-632f96383ce8a-c657c371-9aa0408d","metadata":{"@type":"type.googleapis.com/google.cloud.functions.v2.OperationMetadata","createTime":"2025-04-17T13:29:18.870045590Z","target":"projects/freelance-project-3d0b5/locations/us-central1/functions/sendTestEmail","verb":"update","cancelRequested":false,"apiVersion":"v2","requestResource":{"@type":"type.googleapis.com/google.cloud.functions.v2.Function","name":"projects/freelance-project-3d0b5/locations/us-central1/functions/sendTestEmail","buildConfig":{"runtime":"nodejs18","entryPoint":"sendTestEmail","source":{"storageSource":{"bucket":"gcf-v2-sources-778955743827-us-central1","object":"sendTestEmail/function-source.zip","generation":"1744896558819017"}},"environmentVariables":{"GOOGLE_NODE_RUN_SCRIPTS":""},"dockerRepository":"projects/freelance-project-3d0b5/locations/us-central1/repositories/gcf-artifacts","sourceProvenance":{"resolvedStorageSource":{"bucket":"gcf-v2-sources-778955743827-us-central1","object":"sendTestEmail/function-source.zip","generation":"1744896084272479"}},"dockerRegistry":"ARTIFACT_REGISTRY","serviceAccount":"projects/freelance-project-3d0b5/serviceAccounts/778955743827-compute@developer.gserviceaccount.com","automaticUpdatePolicy":{}},"serviceConfig":{"service":"projects/freelance-project-3d0b5/locations/us-central1/services/sendtestemail","timeoutSeconds":60,"environmentVariables":{"GMAIL_EMAIL":"hello@macu.studio","GMAIL_PASSWORD":"anon rhkh wyzn zgsq","BASE_URL":"http://localhost:3000","MAILGUN_API_KEY":"b435842f7437f0fb2818a1a0e3e8b196-17c877d7-ff484a60","MAILGUN_DOMAIN":"sandbox279fc87d02ca45039c0753c4a182130c.mailgun.org","FIREBASE_CONFIG":"{\"projectId\":\"freelance-project-3d0b5\",\"databaseURL\":\"https://freelance-project-3d0b5-default-rtdb.europe-west1.firebasedatabase.app\",\"storageBucket\":\"freelance-project-3d0b5.firebasestorage.app\"}","GCLOUD_PROJECT":"freelance-project-3d0b5","EVENTARC_CLOUD_EVENT_SOURCE":"projects/freelance-project-3d0b5/locations/us-central1/services/sendTestEmail","FUNCTION_TARGET":"sendTestEmail","LOG_EXECUTION_ID":"true"},"ingressSettings":"ALLOW_ALL","uri":"https://sendtestemail-icqvppiksa-uc.a.run.app","serviceAccountEmail":"778955743827-compute@developer.gserviceaccount.com","availableMemory":"256Mi","allTrafficOnLatestRevision":true,"revision":"sendtestemail-00010-gur","maxInstanceRequestConcurrency":80,"availableCpu":"1"},"state":"ACTIVE","labels":{"deployment-tool":"cli-firebase","deployment-callable":"true","firebase-functions-hash":"f397785aa96c9e02a7ce9515bc0b7f9de823bfb8"},"environment":"GEN_2","url":"https://us-central1-freelance-project-3d0b5.cloudfunctions.net/sendTestEmail","satisfiesPzi":true},"stages":[{"name":"BUILD","state":"NOT_STARTED","stateMessages":[{"severity":"WARNING","type":"BuildAnalysisWarning","message":"Node.js 18 is no longer supported by the Node.js community as of 30 April, 2025. Node.js 18 will be deprecated on 2025-04-30. We recommend you to upgrade to the latest version of Node.js as soon as possible."}]},{"name":"SERVICE","state":"NOT_STARTED"}],"operationType":"UPDATE_FUNCTION"},"done":false}
[debug] [2025-04-17T13:29:20.221Z] [update-default-us-central1-sendTestEmail] Retrying task index 0
[debug] [2025-04-17T13:29:20.221Z] >>> [apiv2][query] GET https://cloudfunctions.googleapis.com/v2/projects/freelance-project-3d0b5/locations/us-central1/operations/operation-1744896558091-632f96383ce8a-c657c371-9aa0408d [none]
[debug] [2025-04-17T13:29:20.960Z] <<< [apiv2][status] GET https://cloudfunctions.googleapis.com/v2/projects/freelance-project-3d0b5/locations/us-central1/operations/operation-1744896558091-632f96383ce8a-c657c371-9aa0408d 200
[debug] [2025-04-17T13:29:20.960Z] <<< [apiv2][body] GET https://cloudfunctions.googleapis.com/v2/projects/freelance-project-3d0b5/locations/us-central1/operations/operation-1744896558091-632f96383ce8a-c657c371-9aa0408d {"name":"projects/freelance-project-3d0b5/locations/us-central1/operations/operation-1744896558091-632f96383ce8a-c657c371-9aa0408d","metadata":{"@type":"type.googleapis.com/google.cloud.functions.v2.OperationMetadata","createTime":"2025-04-17T13:29:18.870045590Z","target":"projects/freelance-project-3d0b5/locations/us-central1/functions/sendTestEmail","verb":"update","cancelRequested":false,"apiVersion":"v2","requestResource":{"@type":"type.googleapis.com/google.cloud.functions.v2.Function","name":"projects/freelance-project-3d0b5/locations/us-central1/functions/sendTestEmail","buildConfig":{"runtime":"nodejs18","entryPoint":"sendTestEmail","source":{"storageSource":{"bucket":"gcf-v2-sources-778955743827-us-central1","object":"sendTestEmail/function-source.zip","generation":"1744896558819017"}},"environmentVariables":{"GOOGLE_NODE_RUN_SCRIPTS":""},"dockerRepository":"projects/freelance-project-3d0b5/locations/us-central1/repositories/gcf-artifacts","sourceProvenance":{"resolvedStorageSource":{"bucket":"gcf-v2-sources-778955743827-us-central1","object":"sendTestEmail/function-source.zip","generation":"1744896084272479"}},"dockerRegistry":"ARTIFACT_REGISTRY","serviceAccount":"projects/freelance-project-3d0b5/serviceAccounts/778955743827-compute@developer.gserviceaccount.com","automaticUpdatePolicy":{}},"serviceConfig":{"service":"projects/freelance-project-3d0b5/locations/us-central1/services/sendtestemail","timeoutSeconds":60,"environmentVariables":{"GMAIL_EMAIL":"hello@macu.studio","GMAIL_PASSWORD":"anon rhkh wyzn zgsq","BASE_URL":"http://localhost:3000","MAILGUN_API_KEY":"b435842f7437f0fb2818a1a0e3e8b196-17c877d7-ff484a60","MAILGUN_DOMAIN":"sandbox279fc87d02ca45039c0753c4a182130c.mailgun.org","FIREBASE_CONFIG":"{\"projectId\":\"freelance-project-3d0b5\",\"databaseURL\":\"https://freelance-project-3d0b5-default-rtdb.europe-west1.firebasedatabase.app\",\"storageBucket\":\"freelance-project-3d0b5.firebasestorage.app\"}","GCLOUD_PROJECT":"freelance-project-3d0b5","EVENTARC_CLOUD_EVENT_SOURCE":"projects/freelance-project-3d0b5/locations/us-central1/services/sendTestEmail","FUNCTION_TARGET":"sendTestEmail","LOG_EXECUTION_ID":"true"},"ingressSettings":"ALLOW_ALL","uri":"https://sendtestemail-icqvppiksa-uc.a.run.app","serviceAccountEmail":"778955743827-compute@developer.gserviceaccount.com","availableMemory":"256Mi","allTrafficOnLatestRevision":true,"revision":"sendtestemail-00010-gur","maxInstanceRequestConcurrency":80,"availableCpu":"1"},"state":"ACTIVE","labels":{"deployment-tool":"cli-firebase","deployment-callable":"true","firebase-functions-hash":"f397785aa96c9e02a7ce9515bc0b7f9de823bfb8"},"environment":"GEN_2","url":"https://us-central1-freelance-project-3d0b5.cloudfunctions.net/sendTestEmail","satisfiesPzi":true},"stages":[{"name":"BUILD","state":"NOT_STARTED","stateMessages":[{"severity":"WARNING","type":"BuildAnalysisWarning","message":"Node.js 18 is no longer supported by the Node.js community as of 30 April, 2025. Node.js 18 will be deprecated on 2025-04-30. We recommend you to upgrade to the latest version of Node.js as soon as possible."}]},{"name":"SERVICE","state":"NOT_STARTED"}],"operationType":"UPDATE_FUNCTION"},"done":false}
[debug] [2025-04-17T13:29:21.961Z] [update-default-us-central1-sendTestEmail] Retrying task index 0
[debug] [2025-04-17T13:29:21.961Z] >>> [apiv2][query] GET https://cloudfunctions.googleapis.com/v2/projects/freelance-project-3d0b5/locations/us-central1/operations/operation-1744896558091-632f96383ce8a-c657c371-9aa0408d [none]
[debug] [2025-04-17T13:29:22.774Z] <<< [apiv2][status] GET https://cloudfunctions.googleapis.com/v2/projects/freelance-project-3d0b5/locations/us-central1/operations/operation-1744896558091-632f96383ce8a-c657c371-9aa0408d 200
[debug] [2025-04-17T13:29:22.775Z] <<< [apiv2][body] GET https://cloudfunctions.googleapis.com/v2/projects/freelance-project-3d0b5/locations/us-central1/operations/operation-1744896558091-632f96383ce8a-c657c371-9aa0408d {"name":"projects/freelance-project-3d0b5/locations/us-central1/operations/operation-1744896558091-632f96383ce8a-c657c371-9aa0408d","metadata":{"@type":"type.googleapis.com/google.cloud.functions.v2.OperationMetadata","createTime":"2025-04-17T13:29:18.870045590Z","target":"projects/freelance-project-3d0b5/locations/us-central1/functions/sendTestEmail","verb":"update","cancelRequested":false,"apiVersion":"v2","requestResource":{"@type":"type.googleapis.com/google.cloud.functions.v2.Function","name":"projects/freelance-project-3d0b5/locations/us-central1/functions/sendTestEmail","buildConfig":{"runtime":"nodejs18","entryPoint":"sendTestEmail","source":{"storageSource":{"bucket":"gcf-v2-sources-778955743827-us-central1","object":"sendTestEmail/function-source.zip","generation":"1744896558819017"}},"environmentVariables":{"GOOGLE_NODE_RUN_SCRIPTS":""},"dockerRepository":"projects/freelance-project-3d0b5/locations/us-central1/repositories/gcf-artifacts","sourceProvenance":{"resolvedStorageSource":{"bucket":"gcf-v2-sources-778955743827-us-central1","object":"sendTestEmail/function-source.zip","generation":"1744896084272479"}},"dockerRegistry":"ARTIFACT_REGISTRY","serviceAccount":"projects/freelance-project-3d0b5/serviceAccounts/778955743827-compute@developer.gserviceaccount.com","automaticUpdatePolicy":{}},"serviceConfig":{"service":"projects/freelance-project-3d0b5/locations/us-central1/services/sendtestemail","timeoutSeconds":60,"environmentVariables":{"GMAIL_EMAIL":"hello@macu.studio","GMAIL_PASSWORD":"anon rhkh wyzn zgsq","BASE_URL":"http://localhost:3000","MAILGUN_API_KEY":"b435842f7437f0fb2818a1a0e3e8b196-17c877d7-ff484a60","MAILGUN_DOMAIN":"sandbox279fc87d02ca45039c0753c4a182130c.mailgun.org","FIREBASE_CONFIG":"{\"projectId\":\"freelance-project-3d0b5\",\"databaseURL\":\"https://freelance-project-3d0b5-default-rtdb.europe-west1.firebasedatabase.app\",\"storageBucket\":\"freelance-project-3d0b5.firebasestorage.app\"}","GCLOUD_PROJECT":"freelance-project-3d0b5","EVENTARC_CLOUD_EVENT_SOURCE":"projects/freelance-project-3d0b5/locations/us-central1/services/sendTestEmail","FUNCTION_TARGET":"sendTestEmail","LOG_EXECUTION_ID":"true"},"ingressSettings":"ALLOW_ALL","uri":"https://sendtestemail-icqvppiksa-uc.a.run.app","serviceAccountEmail":"778955743827-compute@developer.gserviceaccount.com","availableMemory":"256Mi","allTrafficOnLatestRevision":true,"revision":"sendtestemail-00010-gur","maxInstanceRequestConcurrency":80,"availableCpu":"1"},"state":"ACTIVE","labels":{"deployment-tool":"cli-firebase","deployment-callable":"true","firebase-functions-hash":"f397785aa96c9e02a7ce9515bc0b7f9de823bfb8"},"environment":"GEN_2","url":"https://us-central1-freelance-project-3d0b5.cloudfunctions.net/sendTestEmail","satisfiesPzi":true},"stages":[{"name":"BUILD","state":"NOT_STARTED","stateMessages":[{"severity":"WARNING","type":"BuildAnalysisWarning","message":"Node.js 18 is no longer supported by the Node.js community as of 30 April, 2025. Node.js 18 will be deprecated on 2025-04-30. We recommend you to upgrade to the latest version of Node.js as soon as possible."}]},{"name":"SERVICE","state":"NOT_STARTED"}],"operationType":"UPDATE_FUNCTION"},"done":false}
[debug] [2025-04-17T13:29:24.776Z] [update-default-us-central1-sendTestEmail] Retrying task index 0
[debug] [2025-04-17T13:29:24.776Z] >>> [apiv2][query] GET https://cloudfunctions.googleapis.com/v2/projects/freelance-project-3d0b5/locations/us-central1/operations/operation-1744896558091-632f96383ce8a-c657c371-9aa0408d [none]
[debug] [2025-04-17T13:29:25.516Z] <<< [apiv2][status] GET https://cloudfunctions.googleapis.com/v2/projects/freelance-project-3d0b5/locations/us-central1/operations/operation-1744896558091-632f96383ce8a-c657c371-9aa0408d 200
[debug] [2025-04-17T13:29:25.516Z] <<< [apiv2][body] GET https://cloudfunctions.googleapis.com/v2/projects/freelance-project-3d0b5/locations/us-central1/operations/operation-1744896558091-632f96383ce8a-c657c371-9aa0408d {"name":"projects/freelance-project-3d0b5/locations/us-central1/operations/operation-1744896558091-632f96383ce8a-c657c371-9aa0408d","metadata":{"@type":"type.googleapis.com/google.cloud.functions.v2.OperationMetadata","createTime":"2025-04-17T13:29:18.870045590Z","target":"projects/freelance-project-3d0b5/locations/us-central1/functions/sendTestEmail","verb":"update","cancelRequested":false,"apiVersion":"v2","requestResource":{"@type":"type.googleapis.com/google.cloud.functions.v2.Function","name":"projects/freelance-project-3d0b5/locations/us-central1/functions/sendTestEmail","buildConfig":{"runtime":"nodejs18","entryPoint":"sendTestEmail","source":{"storageSource":{"bucket":"gcf-v2-sources-778955743827-us-central1","object":"sendTestEmail/function-source.zip","generation":"1744896558819017"}},"environmentVariables":{"GOOGLE_NODE_RUN_SCRIPTS":""},"dockerRepository":"projects/freelance-project-3d0b5/locations/us-central1/repositories/gcf-artifacts","sourceProvenance":{"resolvedStorageSource":{"bucket":"gcf-v2-sources-778955743827-us-central1","object":"sendTestEmail/function-source.zip","generation":"1744896084272479"}},"dockerRegistry":"ARTIFACT_REGISTRY","serviceAccount":"projects/freelance-project-3d0b5/serviceAccounts/778955743827-compute@developer.gserviceaccount.com","automaticUpdatePolicy":{}},"serviceConfig":{"service":"projects/freelance-project-3d0b5/locations/us-central1/services/sendtestemail","timeoutSeconds":60,"environmentVariables":{"GMAIL_EMAIL":"hello@macu.studio","GMAIL_PASSWORD":"anon rhkh wyzn zgsq","BASE_URL":"http://localhost:3000","MAILGUN_API_KEY":"b435842f7437f0fb2818a1a0e3e8b196-17c877d7-ff484a60","MAILGUN_DOMAIN":"sandbox279fc87d02ca45039c0753c4a182130c.mailgun.org","FIREBASE_CONFIG":"{\"projectId\":\"freelance-project-3d0b5\",\"databaseURL\":\"https://freelance-project-3d0b5-default-rtdb.europe-west1.firebasedatabase.app\",\"storageBucket\":\"freelance-project-3d0b5.firebasestorage.app\"}","GCLOUD_PROJECT":"freelance-project-3d0b5","EVENTARC_CLOUD_EVENT_SOURCE":"projects/freelance-project-3d0b5/locations/us-central1/services/sendTestEmail","FUNCTION_TARGET":"sendTestEmail","LOG_EXECUTION_ID":"true"},"ingressSettings":"ALLOW_ALL","uri":"https://sendtestemail-icqvppiksa-uc.a.run.app","serviceAccountEmail":"778955743827-compute@developer.gserviceaccount.com","availableMemory":"256Mi","allTrafficOnLatestRevision":true,"revision":"sendtestemail-00010-gur","maxInstanceRequestConcurrency":80,"availableCpu":"1"},"state":"ACTIVE","labels":{"deployment-tool":"cli-firebase","deployment-callable":"true","firebase-functions-hash":"f397785aa96c9e02a7ce9515bc0b7f9de823bfb8"},"environment":"GEN_2","url":"https://us-central1-freelance-project-3d0b5.cloudfunctions.net/sendTestEmail","satisfiesPzi":true},"stages":[{"name":"BUILD","state":"NOT_STARTED","stateMessages":[{"severity":"WARNING","type":"BuildAnalysisWarning","message":"Node.js 18 is no longer supported by the Node.js community as of 30 April, 2025. Node.js 18 will be deprecated on 2025-04-30. We recommend you to upgrade to the latest version of Node.js as soon as possible."}]},{"name":"SERVICE","state":"NOT_STARTED"}],"operationType":"UPDATE_FUNCTION"},"done":false}
[debug] [2025-04-17T13:29:29.517Z] [update-default-us-central1-sendTestEmail] Retrying task index 0
[debug] [2025-04-17T13:29:29.518Z] >>> [apiv2][query] GET https://cloudfunctions.googleapis.com/v2/projects/freelance-project-3d0b5/locations/us-central1/operations/operation-1744896558091-632f96383ce8a-c657c371-9aa0408d [none]
[debug] [2025-04-17T13:29:30.273Z] <<< [apiv2][status] GET https://cloudfunctions.googleapis.com/v2/projects/freelance-project-3d0b5/locations/us-central1/operations/operation-1744896558091-632f96383ce8a-c657c371-9aa0408d 200
[debug] [2025-04-17T13:29:30.273Z] <<< [apiv2][body] GET https://cloudfunctions.googleapis.com/v2/projects/freelance-project-3d0b5/locations/us-central1/operations/operation-1744896558091-632f96383ce8a-c657c371-9aa0408d {"name":"projects/freelance-project-3d0b5/locations/us-central1/operations/operation-1744896558091-632f96383ce8a-c657c371-9aa0408d","metadata":{"@type":"type.googleapis.com/google.cloud.functions.v2.OperationMetadata","createTime":"2025-04-17T13:29:18.870045590Z","target":"projects/freelance-project-3d0b5/locations/us-central1/functions/sendTestEmail","verb":"update","cancelRequested":false,"apiVersion":"v2","requestResource":{"@type":"type.googleapis.com/google.cloud.functions.v2.Function","name":"projects/freelance-project-3d0b5/locations/us-central1/functions/sendTestEmail","buildConfig":{"runtime":"nodejs18","entryPoint":"sendTestEmail","source":{"storageSource":{"bucket":"gcf-v2-sources-778955743827-us-central1","object":"sendTestEmail/function-source.zip","generation":"1744896558819017"}},"environmentVariables":{"GOOGLE_NODE_RUN_SCRIPTS":""},"dockerRepository":"projects/freelance-project-3d0b5/locations/us-central1/repositories/gcf-artifacts","sourceProvenance":{"resolvedStorageSource":{"bucket":"gcf-v2-sources-778955743827-us-central1","object":"sendTestEmail/function-source.zip","generation":"1744896084272479"}},"dockerRegistry":"ARTIFACT_REGISTRY","serviceAccount":"projects/freelance-project-3d0b5/serviceAccounts/778955743827-compute@developer.gserviceaccount.com","automaticUpdatePolicy":{}},"serviceConfig":{"service":"projects/freelance-project-3d0b5/locations/us-central1/services/sendtestemail","timeoutSeconds":60,"environmentVariables":{"GMAIL_EMAIL":"hello@macu.studio","GMAIL_PASSWORD":"anon rhkh wyzn zgsq","BASE_URL":"http://localhost:3000","MAILGUN_API_KEY":"b435842f7437f0fb2818a1a0e3e8b196-17c877d7-ff484a60","MAILGUN_DOMAIN":"sandbox279fc87d02ca45039c0753c4a182130c.mailgun.org","FIREBASE_CONFIG":"{\"projectId\":\"freelance-project-3d0b5\",\"databaseURL\":\"https://freelance-project-3d0b5-default-rtdb.europe-west1.firebasedatabase.app\",\"storageBucket\":\"freelance-project-3d0b5.firebasestorage.app\"}","GCLOUD_PROJECT":"freelance-project-3d0b5","EVENTARC_CLOUD_EVENT_SOURCE":"projects/freelance-project-3d0b5/locations/us-central1/services/sendTestEmail","FUNCTION_TARGET":"sendTestEmail","LOG_EXECUTION_ID":"true"},"ingressSettings":"ALLOW_ALL","uri":"https://sendtestemail-icqvppiksa-uc.a.run.app","serviceAccountEmail":"778955743827-compute@developer.gserviceaccount.com","availableMemory":"256Mi","allTrafficOnLatestRevision":true,"revision":"sendtestemail-00010-gur","maxInstanceRequestConcurrency":80,"availableCpu":"1"},"state":"ACTIVE","labels":{"deployment-tool":"cli-firebase","deployment-callable":"true","firebase-functions-hash":"f397785aa96c9e02a7ce9515bc0b7f9de823bfb8"},"environment":"GEN_2","url":"https://us-central1-freelance-project-3d0b5.cloudfunctions.net/sendTestEmail","satisfiesPzi":true},"stages":[{"name":"BUILD","state":"NOT_STARTED","stateMessages":[{"severity":"WARNING","type":"BuildAnalysisWarning","message":"Node.js 18 is no longer supported by the Node.js community as of 30 April, 2025. Node.js 18 will be deprecated on 2025-04-30. We recommend you to upgrade to the latest version of Node.js as soon as possible."}]},{"name":"SERVICE","state":"NOT_STARTED"}],"operationType":"UPDATE_FUNCTION"},"done":false}
[debug] [2025-04-17T13:29:38.274Z] [update-default-us-central1-sendTestEmail] Retrying task index 0
[debug] [2025-04-17T13:29:38.275Z] >>> [apiv2][query] GET https://cloudfunctions.googleapis.com/v2/projects/freelance-project-3d0b5/locations/us-central1/operations/operation-1744896558091-632f96383ce8a-c657c371-9aa0408d [none]
[debug] [2025-04-17T13:29:39.085Z] <<< [apiv2][status] GET https://cloudfunctions.googleapis.com/v2/projects/freelance-project-3d0b5/locations/us-central1/operations/operation-1744896558091-632f96383ce8a-c657c371-9aa0408d 200
[debug] [2025-04-17T13:29:39.085Z] <<< [apiv2][body] GET https://cloudfunctions.googleapis.com/v2/projects/freelance-project-3d0b5/locations/us-central1/operations/operation-1744896558091-632f96383ce8a-c657c371-9aa0408d {"name":"projects/freelance-project-3d0b5/locations/us-central1/operations/operation-1744896558091-632f96383ce8a-c657c371-9aa0408d","metadata":{"@type":"type.googleapis.com/google.cloud.functions.v2.OperationMetadata","createTime":"2025-04-17T13:29:18.870045590Z","target":"projects/freelance-project-3d0b5/locations/us-central1/functions/sendTestEmail","verb":"update","cancelRequested":false,"apiVersion":"v2","requestResource":{"@type":"type.googleapis.com/google.cloud.functions.v2.Function","name":"projects/freelance-project-3d0b5/locations/us-central1/functions/sendTestEmail","buildConfig":{"runtime":"nodejs18","entryPoint":"sendTestEmail","source":{"storageSource":{"bucket":"gcf-v2-sources-778955743827-us-central1","object":"sendTestEmail/function-source.zip","generation":"1744896558819017"}},"environmentVariables":{"GOOGLE_NODE_RUN_SCRIPTS":""},"dockerRepository":"projects/freelance-project-3d0b5/locations/us-central1/repositories/gcf-artifacts","sourceProvenance":{"resolvedStorageSource":{"bucket":"gcf-v2-sources-778955743827-us-central1","object":"sendTestEmail/function-source.zip","generation":"1744896084272479"}},"dockerRegistry":"ARTIFACT_REGISTRY","serviceAccount":"projects/freelance-project-3d0b5/serviceAccounts/778955743827-compute@developer.gserviceaccount.com","automaticUpdatePolicy":{}},"serviceConfig":{"service":"projects/freelance-project-3d0b5/locations/us-central1/services/sendtestemail","timeoutSeconds":60,"environmentVariables":{"GMAIL_EMAIL":"hello@macu.studio","GMAIL_PASSWORD":"anon rhkh wyzn zgsq","BASE_URL":"http://localhost:3000","MAILGUN_API_KEY":"b435842f7437f0fb2818a1a0e3e8b196-17c877d7-ff484a60","MAILGUN_DOMAIN":"sandbox279fc87d02ca45039c0753c4a182130c.mailgun.org","FIREBASE_CONFIG":"{\"projectId\":\"freelance-project-3d0b5\",\"databaseURL\":\"https://freelance-project-3d0b5-default-rtdb.europe-west1.firebasedatabase.app\",\"storageBucket\":\"freelance-project-3d0b5.firebasestorage.app\"}","GCLOUD_PROJECT":"freelance-project-3d0b5","EVENTARC_CLOUD_EVENT_SOURCE":"projects/freelance-project-3d0b5/locations/us-central1/services/sendTestEmail","FUNCTION_TARGET":"sendTestEmail","LOG_EXECUTION_ID":"true"},"ingressSettings":"ALLOW_ALL","uri":"https://sendtestemail-icqvppiksa-uc.a.run.app","serviceAccountEmail":"778955743827-compute@developer.gserviceaccount.com","availableMemory":"256Mi","allTrafficOnLatestRevision":true,"revision":"sendtestemail-00010-gur","maxInstanceRequestConcurrency":80,"availableCpu":"1"},"state":"ACTIVE","labels":{"deployment-tool":"cli-firebase","deployment-callable":"true","firebase-functions-hash":"f397785aa96c9e02a7ce9515bc0b7f9de823bfb8"},"environment":"GEN_2","url":"https://us-central1-freelance-project-3d0b5.cloudfunctions.net/sendTestEmail","satisfiesPzi":true},"stages":[{"name":"BUILD","message":"Build in progress","state":"IN_PROGRESS","resource":"projects/778955743827/locations/us-central1/builds/d26b569c-0c1f-44bf-ab24-53fcfefc0be8","resourceUri":"https://console.cloud.google.com/cloud-build/builds;region=us-central1/d26b569c-0c1f-44bf-ab24-53fcfefc0be8?project=778955743827"},{"name":"SERVICE","state":"NOT_STARTED"}],"operationType":"UPDATE_FUNCTION","buildName":"projects/778955743827/locations/us-central1/builds/d26b569c-0c1f-44bf-ab24-53fcfefc0be8"},"done":false}
[debug] [2025-04-17T13:29:49.085Z] [update-default-us-central1-sendTestEmail] Retrying task index 0
[debug] [2025-04-17T13:29:49.086Z] >>> [apiv2][query] GET https://cloudfunctions.googleapis.com/v2/projects/freelance-project-3d0b5/locations/us-central1/operations/operation-1744896558091-632f96383ce8a-c657c371-9aa0408d [none]
[debug] [2025-04-17T13:29:49.891Z] <<< [apiv2][status] GET https://cloudfunctions.googleapis.com/v2/projects/freelance-project-3d0b5/locations/us-central1/operations/operation-1744896558091-632f96383ce8a-c657c371-9aa0408d 200
[debug] [2025-04-17T13:29:49.891Z] <<< [apiv2][body] GET https://cloudfunctions.googleapis.com/v2/projects/freelance-project-3d0b5/locations/us-central1/operations/operation-1744896558091-632f96383ce8a-c657c371-9aa0408d {"name":"projects/freelance-project-3d0b5/locations/us-central1/operations/operation-1744896558091-632f96383ce8a-c657c371-9aa0408d","metadata":{"@type":"type.googleapis.com/google.cloud.functions.v2.OperationMetadata","createTime":"2025-04-17T13:29:18.870045590Z","target":"projects/freelance-project-3d0b5/locations/us-central1/functions/sendTestEmail","verb":"update","cancelRequested":false,"apiVersion":"v2","requestResource":{"@type":"type.googleapis.com/google.cloud.functions.v2.Function","name":"projects/freelance-project-3d0b5/locations/us-central1/functions/sendTestEmail","buildConfig":{"runtime":"nodejs18","entryPoint":"sendTestEmail","source":{"storageSource":{"bucket":"gcf-v2-sources-778955743827-us-central1","object":"sendTestEmail/function-source.zip","generation":"1744896558819017"}},"environmentVariables":{"GOOGLE_NODE_RUN_SCRIPTS":""},"dockerRepository":"projects/freelance-project-3d0b5/locations/us-central1/repositories/gcf-artifacts","sourceProvenance":{"resolvedStorageSource":{"bucket":"gcf-v2-sources-778955743827-us-central1","object":"sendTestEmail/function-source.zip","generation":"1744896084272479"}},"dockerRegistry":"ARTIFACT_REGISTRY","serviceAccount":"projects/freelance-project-3d0b5/serviceAccounts/778955743827-compute@developer.gserviceaccount.com","automaticUpdatePolicy":{}},"serviceConfig":{"service":"projects/freelance-project-3d0b5/locations/us-central1/services/sendtestemail","timeoutSeconds":60,"environmentVariables":{"GMAIL_EMAIL":"hello@macu.studio","GMAIL_PASSWORD":"anon rhkh wyzn zgsq","BASE_URL":"http://localhost:3000","MAILGUN_API_KEY":"b435842f7437f0fb2818a1a0e3e8b196-17c877d7-ff484a60","MAILGUN_DOMAIN":"sandbox279fc87d02ca45039c0753c4a182130c.mailgun.org","FIREBASE_CONFIG":"{\"projectId\":\"freelance-project-3d0b5\",\"databaseURL\":\"https://freelance-project-3d0b5-default-rtdb.europe-west1.firebasedatabase.app\",\"storageBucket\":\"freelance-project-3d0b5.firebasestorage.app\"}","GCLOUD_PROJECT":"freelance-project-3d0b5","EVENTARC_CLOUD_EVENT_SOURCE":"projects/freelance-project-3d0b5/locations/us-central1/services/sendTestEmail","FUNCTION_TARGET":"sendTestEmail","LOG_EXECUTION_ID":"true"},"ingressSettings":"ALLOW_ALL","uri":"https://sendtestemail-icqvppiksa-uc.a.run.app","serviceAccountEmail":"778955743827-compute@developer.gserviceaccount.com","availableMemory":"256Mi","allTrafficOnLatestRevision":true,"revision":"sendtestemail-00010-gur","maxInstanceRequestConcurrency":80,"availableCpu":"1"},"state":"ACTIVE","labels":{"deployment-tool":"cli-firebase","deployment-callable":"true","firebase-functions-hash":"f397785aa96c9e02a7ce9515bc0b7f9de823bfb8"},"environment":"GEN_2","url":"https://us-central1-freelance-project-3d0b5.cloudfunctions.net/sendTestEmail","satisfiesPzi":true},"stages":[{"name":"BUILD","message":"Build in progress","state":"IN_PROGRESS","resource":"projects/778955743827/locations/us-central1/builds/d26b569c-0c1f-44bf-ab24-53fcfefc0be8","resourceUri":"https://console.cloud.google.com/cloud-build/builds;region=us-central1/d26b569c-0c1f-44bf-ab24-53fcfefc0be8?project=778955743827"},{"name":"SERVICE","state":"NOT_STARTED"}],"operationType":"UPDATE_FUNCTION","buildName":"projects/778955743827/locations/us-central1/builds/d26b569c-0c1f-44bf-ab24-53fcfefc0be8"},"done":false}
